Using pre-set license
Built from '2020.2/staging' branch; Version is '2020.2.7f1 (c53830e277f1) revision 12924976'; Using compiler version '192528614'; Build Type 'Release'
OS: 'Windows 10 Pro; OS build 18362.356; Version 1903; 64bit' Language: 'ru' Physical Memory: 16358 MB
BatchMode: 1, IsHumanControllingUs: 0, StartBugReporterOnCrash: 0, Is64bit: 1, IsPro: 0

 COMMAND LINE ARGUMENTS:
C:\Program Files\Unity\Hub\Editor\2020.2.7f1\Editor\Unity.exe
-adb2
-batchMode
-noUpm
-name
AssetImportWorker0
-projectPath
E:/Kurs/Unity/GBUnity1/Call_of_Rat
-logFile
Logs/AssetImportWorker0.log
-srvPort
54777
Successfully changed project path to: E:/Kurs/Unity/GBUnity1/Call_of_Rat
E:/Kurs/Unity/GBUnity1/Call_of_Rat
Using Asset Import Pipeline V2.
Refreshing native plugins compatible for Editor in 69.50 ms, found 0 plugins.
Preloading 0 native plugins for Editor in 0.00 ms.
Initialize engine version: 2020.2.7f1 (c53830e277f1)
[Subsystems] Discovering subsystems at path C:/Program Files/Unity/Hub/Editor/2020.2.7f1/Editor/Data/Resources/UnitySubsystems
[Subsystems] Discovering subsystems at path E:/Kurs/Unity/GBUnity1/Call_of_Rat/Assets
GfxDevice: creating device client; threaded=0
Direct3D:
    Version:  Direct3D 11.0 [level 11.1]
    Renderer: NVIDIA GeForce GTX 1060 3GB (ID=0x1c02)
    Vendor:   
    VRAM:     2988 MB
    Driver:   27.21.14.6611
Initialize mono
Mono path[0] = 'C:/Program Files/Unity/Hub/Editor/2020.2.7f1/Editor/Data/Managed'
Mono path[1] = 'C:/Program Files/Unity/Hub/Editor/2020.2.7f1/Editor/Data/MonoBleedingEdge/lib/mono/unityjit'
Mono config path = 'C:/Program Files/Unity/Hub/Editor/2020.2.7f1/Editor/Data/MonoBleedingEdge/etc'
Using monoOptions --debugger-agent=transport=dt_socket,embedding=1,server=y,suspend=n,address=127.0.0.1:56568
Begin MonoManager ReloadAssembly
Registering precompiled unity dll's ...
Register platform support module: C:/Program Files/Unity/Hub/Editor/2020.2.7f1/Editor/Data/PlaybackEngines/WindowsStandaloneSupport/UnityEditor.WindowsStandalone.Extensions.dll
Registered in 0.001482 seconds.
Native extension for WindowsStandalone target not found
Refreshing native plugins compatible for Editor in 60.38 ms, found 0 plugins.
Preloading 0 native plugins for Editor in 0.00 ms.
Invoked RoslynAnalysisRunner static constructor.
RoslynAnalysisRunner will not be running.
RoslynAnalysisRunner has terminated.
Mono: successfully reloaded assembly
- Completed reload, in  2.201 seconds
Platform modules already initialized, skipping
Registering precompiled user dll's ...
Registered in 0.003951 seconds.
Begin MonoManager ReloadAssembly
Native extension for WindowsStandalone target not found
Refreshing native plugins compatible for Editor in 0.78 ms, found 0 plugins.
Preloading 0 native plugins for Editor in 0.00 ms.
Invoked RoslynAnalysisRunner static constructor.
RoslynAnalysisRunner will not be running.
RoslynAnalysisRunner has terminated.
Mono: successfully reloaded assembly
- Completed reload, in  1.256 seconds
Platform modules already initialized, skipping
========================================================================
Worker process is ready to serve import requests
Launched and connected shader compiler UnityShaderCompiler.exe after 0.05 seconds
Refreshing native plugins compatible for Editor in 0.85 ms, found 0 plugins.
Preloading 0 native plugins for Editor in 0.00 ms.
Unloading 1842 Unused Serialized files (Serialized files now loaded: 0)
System memory in use before: 90.6 MB.
System memory in use after: 89.3 MB.

Unloading 63 unused Assets to reduce memory usage. Loaded Objects now: 2268.
Total: 4.017300 ms (FindLiveObjects: 0.456500 ms CreateObjectMapping: 0.106200 ms MarkObjects: 2.456100 ms  DeleteObjects: 0.996900 ms)

AssetImportParameters requested are different than current active one (requested -> active):
  requireTextureImportCompression: false -> true
========================================================================
Received Prepare
Refreshing native plugins compatible for Editor in 6.49 ms, found 0 plugins.
Preloading 0 native plugins for Editor in 0.00 ms.
Unloading 51 Unused Serialized files (Serialized files now loaded: 0)
System memory in use before: 54.0 MB.
System memory in use after: 52.6 MB.

Unloading 51 unused Assets to reduce memory usage. Loaded Objects now: 2268.
Total: 3.175500 ms (FindLiveObjects: 0.374000 ms CreateObjectMapping: 0.085000 ms MarkObjects: 1.862700 ms  DeleteObjects: 0.852700 ms)

AssetImportParameters requested are different than current active one (requested -> active):
  requireTextureImportCompression: false -> true
========================================================================
Received Import Request.
  path: Assets/Scenes/Menu.unity
  artifactKey: Guid(cf729f48820d3bc4bb69cf52961af211) Importer(815301076,1909f56bfc062723c751e8b465ee728b)
Start importing Assets/Scenes/Menu.unity using Guid(cf729f48820d3bc4bb69cf52961af211) Importer(815301076,1909f56bfc062723c751e8b465ee728b)  -> (artifact id: '9eaa244f9f198e5262e6b95ede9c3513') in 0.029486 seconds
  Import took 0.034112 seconds .

========================================================================
Received Import Request.
  Time since last request: 27.468883 seconds.
  path: Assets/Scenes/CallofRat.unity
  artifactKey: Guid(437420a7e4801e24082d185f037438fd) Importer(815301076,1909f56bfc062723c751e8b465ee728b)
Start importing Assets/Scenes/CallofRat.unity using Guid(437420a7e4801e24082d185f037438fd) Importer(815301076,1909f56bfc062723c751e8b465ee728b)  -> (artifact id: 'c79a4684e8d4d8e53084f81e3be46ebc') in 0.002640 seconds
  Import took 0.006389 seconds .

========================================================================
Received Prepare
Registering precompiled user dll's ...
Registered in 0.004382 seconds.
Begin MonoManager ReloadAssembly
Native extension for WindowsStandalone target not found
Refreshing native plugins compatible for Editor in 0.80 ms, found 0 plugins.
Preloading 0 native plugins for Editor in 0.00 ms.
Invoked RoslynAnalysisRunner static constructor.
RoslynAnalysisRunner will not be running.
RoslynAnalysisRunner has terminated.
Mono: successfully reloaded assembly
- Completed reload, in  1.265 seconds
Platform modules already initialized, skipping
Refreshing native plugins compatible for Editor in 0.89 ms, found 0 plugins.
Preloading 0 native plugins for Editor in 0.00 ms.
Unloading 1820 Unused Serialized files (Serialized files now loaded: 0)
System memory in use before: 89.3 MB.
System memory in use after: 88.0 MB.

Unloading 54 unused Assets to reduce memory usage. Loaded Objects now: 2272.
Total: 3.196600 ms (FindLiveObjects: 0.326700 ms CreateObjectMapping: 0.084400 ms MarkObjects: 1.917600 ms  DeleteObjects: 0.866600 ms)

AssetImportParameters requested are different than current active one (requested -> active):
  requireTextureImportCompression: false -> true
AssetImportWorkerClient::OnTransportError - code=2 error=End of file
